[debug] [2021-07-01T11:32:08.319Z] ----------------------------------------------------------------------
[debug] [2021-07-01T11:32:08.321Z] Command:       C:\Program Files\nodejs\node.exe C:\Projects\blj-jumpout\website\blj-jumpout\node_modules\firebase-tools\lib\bin\firebase.js init
[debug] [2021-07-01T11:32:08.321Z] CLI Version:   9.14.0
[debug] [2021-07-01T11:32:08.321Z] Platform:      win32
[debug] [2021-07-01T11:32:08.321Z] Node Version:  v14.17.0
[debug] [2021-07-01T11:32:08.322Z] Time:          Thu Jul 01 2021 13:32:08 GMT+0200 (Mitteleuropäische Sommerzeit)
[debug] [2021-07-01T11:32:08.322Z] ----------------------------------------------------------------------
[debug] 
[debug] [2021-07-01T11:32:08.328Z] > command requires scopes: ["email","openid","https://www.googleapis.com/auth/cloudplatformprojects.readonly","https://www.googleapis.com/auth/firebase","https://www.googleapis.com/auth/cloud-platform"]
[debug] [2021-07-01T11:32:08.328Z] > authorizing via signed-in user (erin.bacmann15@gmail.com)
[info] 
     ######## #### ########  ######## ########     ###     ######  ########
     ##        ##  ##     ## ##       ##     ##  ##   ##  ##       ##
     ######    ##  ########  ######   ########  #########  ######  ######
     ##        ##  ##    ##  ##       ##     ## ##     ##       ## ##
     ##       #### ##     ## ######## ########  ##     ##  ######  ########

You're about to initialize a Firebase project in this directory:

  C:\Projects\blj-jumpout\website\blj-jumpout

Before we get started, keep in mind:

  * You are currently outside your home directory

